<?xml version="1.0" encoding="UTF-8"?>
<!-- Generated by org.testng.reporters.JUnitXMLReporter -->
<testsuite hostname="DESKTOP-EC4NL2T" ignored="0" name="Surefire test" tests="9" failures="0" timestamp="12 feb 2021 01:50:47 GMT" time="65.671" errors="0">
  <testcase name="testResta on testResta(com.example.service.CalculadoraTestSelenium)" time="11.756" classname="com.example.service.CalculadoraTestSelenium"/>
  <testcase name="testRaiz on testRaiz(com.example.service.CalculadoraTestSelenium)" time="19.419" classname="com.example.service.CalculadoraTestSelenium"/>
  <testcase name="testSuma on testSuma(com.example.service.CalculadoraTestSelenium)" time="25.488" classname="com.example.service.CalculadoraTestSelenium"/>
  <testcase name="testFactorial on testFactorial(com.example.service.CalculadoraTestSelenium)" time="33.062" classname="com.example.service.CalculadoraTestSelenium"/>
  <testcase name="testFibonacci on testFibonacci(com.example.service.CalculadoraTestSelenium)" time="41.23" classname="com.example.service.CalculadoraTestSelenium"/>
  <testcase name="testMultiplicacion on testMultiplicacion(com.example.service.CalculadoraTestSelenium)" time="47.322" classname="com.example.service.CalculadoraTestSelenium"/>
  <testcase name="testLimpiar on testLimpiar(com.example.service.CalculadoraTestSelenium)" time="52.781" classname="com.example.service.CalculadoraTestSelenium"/>
  <testcase name="testDivision on testDivision(com.example.service.CalculadoraTestSelenium)" time="58.974" classname="com.example.service.CalculadoraTestSelenium"/>
  <testcase name="testPotencia on testPotencia(com.example.service.CalculadoraTestSelenium)" time="65.466" classname="com.example.service.CalculadoraTestSelenium"/>
</testsuite> <!-- Surefire test -->
